2019-04-23 10:37:37.448 DEBUG 4304 --- [main] o.s.web.context.ContextLoader            : Published root WebApplicationContext as ServletContext attribute with name [org.springframework.web.context.WebApplicationContext.ROOT]
2019-04-23 10:37:37.456  INFO 4304 --- [main] o.s.web.context.ContextLoader            : Root WebApplicationContext: initialization completed in 3017 ms
2019-04-23 10:37:40.811 DEBUG 4304 --- [main] o.s.w.s.handler.SimpleUrlHandlerMapping  : Patterns [/**/favicon.ico] in 'faviconHandlerMapping'
2019-04-23 10:37:41.031 DEBUG 4304 --- [main] s.w.s.m.m.a.RequestMappingHandlerAdapter : ControllerAdvice beans: 0 @ModelAttribute, 0 @InitBinder, 1 RequestBodyAdvice, 1 ResponseBodyAdvice
2019-04-23 10:37:41.083  WARN 4304 --- [main] aWebConfiguration$JpaWebMvcConfiguration : spring.jpa.open-in-view is enabled by default. Therefore, database queries may be performed during view rendering. Explicitly configure spring.jpa.open-in-view to disable this warning
2019-04-23 10:37:41.132 DEBUG 4304 --- [main] s.w.s.m.m.a.RequestMappingHandlerMapping : 4 mappings in 'requestMappingHandlerMapping'
2019-04-23 10:37:41.160 DEBUG 4304 --- [main] o.s.w.s.handler.SimpleUrlHandlerMapping  : Patterns [/webjars/**, /**] in 'resourceHandlerMapping'
2019-04-23 10:37:41.192 DEBUG 4304 --- [main] .m.m.a.ExceptionHandlerExceptionResolver : ControllerAdvice beans: 2 @ExceptionHandler, 1 ResponseBodyAdvice
2019-04-23 10:44:45.364  INFO 4304 --- [http-nio-8085-exec-5] o.s.web.servlet.DispatcherServlet        : Initializing Servlet 'dispatcherServlet'
2019-04-23 10:44:45.366 DEBUG 4304 --- [http-nio-8085-exec-5] o.s.web.servlet.DispatcherServlet        : Detected StandardServletMultipartResolver
2019-04-23 10:44:45.399 DEBUG 4304 --- [http-nio-8085-exec-5] o.s.web.servlet.DispatcherServlet        : enableLoggingRequestDetails='false': request parameters and headers will be masked to prevent unsafe logging of potentially sensitive data
2019-04-23 10:44:45.399  INFO 4304 --- [http-nio-8085-exec-5] o.s.web.servlet.DispatcherServlet        : Completed initialization in 33 ms
2019-04-23 10:50:34.157 DEBUG 5052 --- [main] o.s.web.context.ContextLoader            : Published root WebApplicationContext as ServletContext attribute with name [org.springframework.web.context.WebApplicationContext.ROOT]
2019-04-23 10:50:34.163  INFO 5052 --- [main] o.s.web.context.ContextLoader            : Root WebApplicationContext: initialization completed in 3237 ms
2019-04-23 10:50:38.204 DEBUG 5052 --- [main] o.s.w.s.handler.SimpleUrlHandlerMapping  : Patterns [/**/favicon.ico] in 'faviconHandlerMapping'
2019-04-23 10:50:38.490 DEBUG 5052 --- [main] s.w.s.m.m.a.RequestMappingHandlerAdapter : ControllerAdvice beans: 0 @ModelAttribute, 0 @InitBinder, 1 RequestBodyAdvice, 1 ResponseBodyAdvice
2019-04-23 10:50:38.548  WARN 5052 --- [main] aWebConfiguration$JpaWebMvcConfiguration : spring.jpa.open-in-view is enabled by default. Therefore, database queries may be performed during view rendering. Explicitly configure spring.jpa.open-in-view to disable this warning
2019-04-23 10:50:38.619 DEBUG 5052 --- [main] s.w.s.m.m.a.RequestMappingHandlerMapping : 4 mappings in 'requestMappingHandlerMapping'
2019-04-23 10:50:38.666 DEBUG 5052 --- [main] o.s.w.s.handler.SimpleUrlHandlerMapping  : Patterns [/webjars/**, /**] in 'resourceHandlerMapping'
2019-04-23 10:50:38.691 DEBUG 5052 --- [main] .m.m.a.ExceptionHandlerExceptionResolver : ControllerAdvice beans: 2 @ExceptionHandler, 1 ResponseBodyAdvice
2019-04-23 10:50:46.055  INFO 5052 --- [http-nio-8085-exec-3] o.s.web.servlet.DispatcherServlet        : Initializing Servlet 'dispatcherServlet'
2019-04-23 10:50:46.056 DEBUG 5052 --- [http-nio-8085-exec-3] o.s.web.servlet.DispatcherServlet        : Detected StandardServletMultipartResolver
2019-04-23 10:50:46.094 DEBUG 5052 --- [http-nio-8085-exec-3] o.s.web.servlet.DispatcherServlet        : enableLoggingRequestDetails='false': request parameters and headers will be masked to prevent unsafe logging of potentially sensitive data
2019-04-23 10:50:46.094  INFO 5052 --- [http-nio-8085-exec-3] o.s.web.servlet.DispatcherServlet        : Completed initialization in 38 ms
2019-04-23 10:50:46.114 DEBUG 5052 --- [http-nio-8085-exec-3] o.s.web.servlet.DispatcherServlet        : POST "/mimutualasociados/usuario/create?usuario=sdsd&contrasena=sd&habilitado=true", parameters={masked}
2019-04-23 10:50:46.130  WARN 5052 --- [http-nio-8085-exec-3] .w.s.m.s.DefaultHandlerExceptionResolver : Resolved [org.springframework.web.HttpRequestMethodNotSupportedException: Request method 'POST' not supported]
2019-04-23 10:50:46.130 DEBUG 5052 --- [http-nio-8085-exec-3] o.s.web.servlet.DispatcherServlet        : Completed 405 METHOD_NOT_ALLOWED
2019-04-23 10:50:46.143 DEBUG 5052 --- [http-nio-8085-exec-3] o.s.web.servlet.DispatcherServlet        : "ERROR" dispatch for POST "/mimutualasociados/error?usuario=sdsd&contrasena=sd&habilitado=true", parameters={masked}
2019-04-23 10:50:46.160 DEBUG 5052 --- [http-nio-8085-exec-3] s.w.s.m.m.a.RequestMappingHandlerMapping : Mapped to public org.springframework.http.ResponseEntity<java.util.Map<java.lang.String, java.lang.Object>> org.springframework.boot.autoconfigure.web.servlet.error.BasicErrorController.error(javax.servlet.http.HttpServletRequest)
2019-04-23 10:50:46.231 DEBUG 5052 --- [http-nio-8085-exec-3] o.s.w.s.m.m.a.HttpEntityMethodProcessor  : Using 'application/json', given [*/*] and supported [application/json, application/*+json, application/json, application/*+json]
2019-04-23 10:50:46.231 DEBUG 5052 --- [http-nio-8085-exec-3] o.s.w.s.m.m.a.HttpEntityMethodProcessor  : Writing [{timestamp=Tue Apr 23 10:50:46 EST 2019, status=405, error=Method Not Allowed, message=Request metho (truncated)...]
2019-04-23 10:50:46.302 DEBUG 5052 --- [http-nio-8085-exec-3] o.s.web.servlet.DispatcherServlet        : Exiting from "ERROR" dispatch, status 405
2019-04-23 10:51:07.731 DEBUG 5052 --- [http-nio-8085-exec-4] o.s.web.servlet.DispatcherServlet        : POST "/mimutualasociados/create?usuario=sdsd&contrasena=sd&habilitado=true", parameters={masked}
2019-04-23 10:51:07.744 DEBUG 5052 --- [http-nio-8085-exec-4] o.s.w.s.handler.SimpleUrlHandlerMapping  : Mapped to ResourceHttpRequestHandler ["classpath:/META-INF/resources/", "classpath:/resources/", "classpath:/static/", "classpath:/public/", "/"]
2019-04-23 10:51:07.747 DEBUG 5052 --- [http-nio-8085-exec-4] o.s.w.s.r.ResourceHttpRequestHandler     : Resource not found
2019-04-23 10:51:07.747 DEBUG 5052 --- [http-nio-8085-exec-4] o.s.web.servlet.DispatcherServlet        : Completed 404 NOT_FOUND
2019-04-23 10:51:07.748 DEBUG 5052 --- [http-nio-8085-exec-4] o.s.web.servlet.DispatcherServlet        : "ERROR" dispatch for POST "/mimutualasociados/error?usuario=sdsd&contrasena=sd&habilitado=true", parameters={masked}
2019-04-23 10:51:07.748 DEBUG 5052 --- [http-nio-8085-exec-4] s.w.s.m.m.a.RequestMappingHandlerMapping : Mapped to public org.springframework.http.ResponseEntity<java.util.Map<java.lang.String, java.lang.Object>> org.springframework.boot.autoconfigure.web.servlet.error.BasicErrorController.error(javax.servlet.http.HttpServletRequest)
2019-04-23 10:51:07.748 DEBUG 5052 --- [http-nio-8085-exec-4] o.s.w.s.m.m.a.HttpEntityMethodProcessor  : Using 'application/hal+json', given [*/*] and supported [application/hal+json]
2019-04-23 10:51:07.748 DEBUG 5052 --- [http-nio-8085-exec-4] o.s.w.s.m.m.a.HttpEntityMethodProcessor  : Writing [{timestamp=Tue Apr 23 10:51:07 EST 2019, status=404, error=Not Found, message=No message available,  (truncated)...]
2019-04-23 10:51:07.754 DEBUG 5052 --- [http-nio-8085-exec-4] o.s.web.servlet.DispatcherServlet        : Exiting from "ERROR" dispatch, status 404
2019-04-23 10:51:21.812 DEBUG 5052 --- [http-nio-8085-exec-2] o.s.web.servlet.DispatcherServlet        : GET "/mimutualasociados/login", parameters={}
2019-04-23 10:51:21.820 DEBUG 5052 --- [http-nio-8085-exec-2] o.s.w.s.handler.SimpleUrlHandlerMapping  : Mapped to ResourceHttpRequestHandler ["classpath:/META-INF/resources/", "classpath:/resources/", "classpath:/static/", "classpath:/public/", "/"]
2019-04-23 10:51:21.823 DEBUG 5052 --- [http-nio-8085-exec-2] o.s.w.s.r.ResourceHttpRequestHandler     : Resource not found
2019-04-23 10:51:21.824 DEBUG 5052 --- [http-nio-8085-exec-2] o.s.web.servlet.DispatcherServlet        : Completed 404 NOT_FOUND
2019-04-23 10:51:21.824 DEBUG 5052 --- [http-nio-8085-exec-2] o.s.web.servlet.DispatcherServlet        : "ERROR" dispatch for GET "/mimutualasociados/error", parameters={}
2019-04-23 10:51:21.826 DEBUG 5052 --- [http-nio-8085-exec-2] s.w.s.m.m.a.RequestMappingHandlerMapping : Mapped to public org.springframework.web.servlet.ModelAndView org.springframework.boot.autoconfigure.web.servlet.error.BasicErrorController.errorHtml(javax.servlet.http.HttpServletRequest,javax.servlet.http.HttpServletResponse)
2019-04-23 10:51:21.843 DEBUG 5052 --- [http-nio-8085-exec-2] o.s.w.s.v.ContentNegotiatingViewResolver : Selected 'text/html' given [text/html, text/html;q=0.8]
2019-04-23 10:51:21.849 DEBUG 5052 --- [http-nio-8085-exec-2] o.s.web.servlet.DispatcherServlet        : Exiting from "ERROR" dispatch, status 404
2019-04-23 10:51:25.034 DEBUG 5052 --- [http-nio-8085-exec-5] o.s.web.servlet.DispatcherServlet        : GET "/mimutualasociados/login", parameters={}
2019-04-23 10:51:25.040 DEBUG 5052 --- [http-nio-8085-exec-5] o.s.w.s.handler.SimpleUrlHandlerMapping  : Mapped to ResourceHttpRequestHandler ["classpath:/META-INF/resources/", "classpath:/resources/", "classpath:/static/", "classpath:/public/", "/"]
2019-04-23 10:51:25.040 DEBUG 5052 --- [http-nio-8085-exec-5] o.s.w.s.r.ResourceHttpRequestHandler     : Resource not found
2019-04-23 10:51:25.042 DEBUG 5052 --- [http-nio-8085-exec-5] o.s.web.servlet.DispatcherServlet        : Completed 404 NOT_FOUND
2019-04-23 10:51:25.043 DEBUG 5052 --- [http-nio-8085-exec-5] o.s.web.servlet.DispatcherServlet        : "ERROR" dispatch for GET "/mimutualasociados/error", parameters={}
2019-04-23 10:51:25.045 DEBUG 5052 --- [http-nio-8085-exec-5] s.w.s.m.m.a.RequestMappingHandlerMapping : Mapped to public org.springframework.web.servlet.ModelAndView org.springframework.boot.autoconfigure.web.servlet.error.BasicErrorController.errorHtml(javax.servlet.http.HttpServletRequest,javax.servlet.http.HttpServletResponse)
2019-04-23 10:51:25.049 DEBUG 5052 --- [http-nio-8085-exec-5] o.s.w.s.v.ContentNegotiatingViewResolver : Selected 'text/html' given [text/html, text/html;q=0.8]
2019-04-23 10:51:25.051 DEBUG 5052 --- [http-nio-8085-exec-5] o.s.web.servlet.DispatcherServlet        : Exiting from "ERROR" dispatch, status 404
